0 info it worked if it ends with ok
1 verbose cli [ 'e:\\Program Files\\nodejs\\node.exe',
1 verbose cli   'e:\\Program Files\\nodejs\\node_modules\\npm\\bin\\npm-cli.js',
1 verbose cli   'install' ]
2 info using npm@3.10.10
3 info using node@v6.10.2
4 silly loadCurrentTree Starting
5 silly install loadCurrentTree
6 silly install readLocalPackageData
7 silly install normalizeTree
8 silly loadCurrentTree Finishing
9 silly loadIdealTree Starting
10 silly install loadIdealTree
11 silly cloneCurrentTree Starting
12 silly install cloneCurrentTreeToIdealTree
13 silly cloneCurrentTree Finishing
14 silly loadShrinkwrap Starting
15 silly install loadShrinkwrap
16 silly loadShrinkwrap Finishing
17 silly loadAllDepsIntoIdealTree Starting
18 silly install loadAllDepsIntoIdealTree
19 silly fetchNamedPackageData node-captcha
20 silly mapToRegistry name node-captcha
21 silly mapToRegistry using default registry
22 silly mapToRegistry registry https://registry.npmjs.org/
23 silly mapToRegistry data Result {
23 silly mapToRegistry   raw: 'node-captcha',
23 silly mapToRegistry   scope: null,
23 silly mapToRegistry   escapedName: 'node-captcha',
23 silly mapToRegistry   name: 'node-captcha',
23 silly mapToRegistry   rawSpec: '',
23 silly mapToRegistry   spec: 'latest',
23 silly mapToRegistry   type: 'tag' }
24 silly mapToRegistry uri https://registry.npmjs.org/node-captcha
25 verbose request uri https://registry.npmjs.org/node-captcha
26 verbose request no auth needed
27 info attempt registry request try #1 at 5:54:56 PM
28 verbose request id 4f2bdb38b9e34d35
29 http request GET https://registry.npmjs.org/node-captcha
30 http 200 https://registry.npmjs.org/node-captcha
31 verbose headers { server: 'nginx/1.10.1',
31 verbose headers   'content-type': 'application/json',
31 verbose headers   'last-modified': 'Sat, 24 Oct 2015 03:59:33 GMT',
31 verbose headers   etag: 'W/"562b0225-3152"',
31 verbose headers   'content-encoding': 'gzip',
31 verbose headers   'cache-control': 'max-age=300',
31 verbose headers   'content-length': '2470',
31 verbose headers   'accept-ranges': 'bytes',
31 verbose headers   date: 'Thu, 27 Apr 2017 22:54:56 GMT',
31 verbose headers   via: '1.1 varnish',
31 verbose headers   age: '0',
31 verbose headers   connection: 'keep-alive',
31 verbose headers   'x-served-by': 'cache-atl6238-ATL',
31 verbose headers   'x-cache': 'MISS',
31 verbose headers   'x-cache-hits': '0',
31 verbose headers   'x-timer': 'S1493333696.343681,VS0,VE35',
31 verbose headers   vary: 'Accept-Encoding' }
32 silly get cb [ 200,
32 silly get   { server: 'nginx/1.10.1',
32 silly get     'content-type': 'application/json',
32 silly get     'last-modified': 'Sat, 24 Oct 2015 03:59:33 GMT',
32 silly get     etag: 'W/"562b0225-3152"',
32 silly get     'content-encoding': 'gzip',
32 silly get     'cache-control': 'max-age=300',
32 silly get     'content-length': '2470',
32 silly get     'accept-ranges': 'bytes',
32 silly get     date: 'Thu, 27 Apr 2017 22:54:56 GMT',
32 silly get     via: '1.1 varnish',
32 silly get     age: '0',
32 silly get     connection: 'keep-alive',
32 silly get     'x-served-by': 'cache-atl6238-ATL',
32 silly get     'x-cache': 'MISS',
32 silly get     'x-cache-hits': '0',
32 silly get     'x-timer': 'S1493333696.343681,VS0,VE35',
32 silly get     vary: 'Accept-Encoding' } ]
33 verbose get saving node-captcha to C:\Users\1337\AppData\Roaming\npm-cache\registry.npmjs.org\node-captcha\.cache.json
34 verbose correctMkdir C:\Users\1337\AppData\Roaming\npm-cache correctMkdir not in flight; initializing
35 silly resolveWithNewModule node-captcha@0.2.2 checking installable status
36 silly cache add args [ 'node-captcha@^0.2.2', null ]
37 verbose cache add spec node-captcha@^0.2.2
38 silly cache add parsed spec Result {
38 silly cache add   raw: 'node-captcha@^0.2.2',
38 silly cache add   scope: null,
38 silly cache add   escapedName: 'node-captcha',
38 silly cache add   name: 'node-captcha',
38 silly cache add   rawSpec: '^0.2.2',
38 silly cache add   spec: '>=0.2.2 <0.3.0',
38 silly cache add   type: 'range' }
39 silly addNamed node-captcha@>=0.2.2 <0.3.0
40 verbose addNamed ">=0.2.2 <0.3.0" is a valid semver range for node-captcha
41 silly addNameRange { name: 'node-captcha', range: '>=0.2.2 <0.3.0', hasData: false }
42 silly mapToRegistry name node-captcha
43 silly mapToRegistry using default registry
44 silly mapToRegistry registry https://registry.npmjs.org/
45 silly mapToRegistry data Result {
45 silly mapToRegistry   raw: 'node-captcha',
45 silly mapToRegistry   scope: null,
45 silly mapToRegistry   escapedName: 'node-captcha',
45 silly mapToRegistry   name: 'node-captcha',
45 silly mapToRegistry   rawSpec: '',
45 silly mapToRegistry   spec: 'latest',
45 silly mapToRegistry   type: 'tag' }
46 silly mapToRegistry uri https://registry.npmjs.org/node-captcha
47 verbose addNameRange registry:https://registry.npmjs.org/node-captcha not in flight; fetching
48 verbose get https://registry.npmjs.org/node-captcha not expired, no request
49 silly addNameRange number 2 { name: 'node-captcha', range: '>=0.2.2 <0.3.0', hasData: true }
50 silly addNameRange versions [ 'node-captcha',
50 silly addNameRange   [ '0.1.1',
50 silly addNameRange     '0.1.2',
50 silly addNameRange     '0.1.3',
50 silly addNameRange     '0.1.5',
50 silly addNameRange     '0.1.6',
50 silly addNameRange     '0.1.7',
50 silly addNameRange     '0.1.8',
50 silly addNameRange     '0.1.9',
50 silly addNameRange     '0.2.0',
50 silly addNameRange     '0.2.1',
50 silly addNameRange     '0.2.2' ] ]
51 silly addNamed node-captcha@0.2.2
52 verbose addNamed "0.2.2" is a plain semver version for node-captcha
53 silly mapToRegistry name node-captcha
54 silly mapToRegistry using default registry
55 silly mapToRegistry registry https://registry.npmjs.org/
56 silly mapToRegistry data Result {
56 silly mapToRegistry   raw: 'node-captcha',
56 silly mapToRegistry   scope: null,
56 silly mapToRegistry   escapedName: 'node-captcha',
56 silly mapToRegistry   name: 'node-captcha',
56 silly mapToRegistry   rawSpec: '',
56 silly mapToRegistry   spec: 'latest',
56 silly mapToRegistry   type: 'tag' }
57 silly mapToRegistry uri https://registry.npmjs.org/node-captcha
58 verbose addRemoteTarball https://registry.npmjs.org/node-captcha/-/node-captcha-0.2.2.tgz not in flight; adding
59 verbose addRemoteTarball [ 'https://registry.npmjs.org/node-captcha/-/node-captcha-0.2.2.tgz',
59 verbose addRemoteTarball   'e39e0662e31a66852f83dc30e7c5feddab0ef6a5' ]
60 info retry fetch attempt 1 at 5:54:56 PM
61 info attempt registry request try #1 at 5:54:56 PM
62 http fetch GET https://registry.npmjs.org/node-captcha/-/node-captcha-0.2.2.tgz
63 http fetch 200 https://registry.npmjs.org/node-captcha/-/node-captcha-0.2.2.tgz
64 silly fetchAndShaCheck shasum e39e0662e31a66852f83dc30e7c5feddab0ef6a5
65 verbose addTmpTarball C:\Users\1337\AppData\Local\Temp\npm-11292-8d988573\registry.npmjs.org\node-captcha\-\node-captcha-0.2.2.tgz not in flight; adding
66 verbose addTmpTarball already have metadata; skipping unpack for node-captcha@0.2.2
67 verbose correctMkdir C:\Users\1337\AppData\Roaming\npm-cache correctMkdir not in flight; initializing
68 silly cache afterAdd node-captcha@0.2.2
69 verbose afterAdd C:\Users\1337\AppData\Roaming\npm-cache\node-captcha\0.2.2\package\package.json not in flight; writing
70 verbose correctMkdir C:\Users\1337\AppData\Roaming\npm-cache correctMkdir not in flight; initializing
71 verbose afterAdd C:\Users\1337\AppData\Roaming\npm-cache\node-captcha\0.2.2\package\package.json written
72 silly fetchNamedPackageData canvas
73 silly mapToRegistry name canvas
74 silly mapToRegistry using default registry
75 silly mapToRegistry registry https://registry.npmjs.org/
76 silly mapToRegistry data Result {
76 silly mapToRegistry   raw: 'canvas',
76 silly mapToRegistry   scope: null,
76 silly mapToRegistry   escapedName: 'canvas',
76 silly mapToRegistry   name: 'canvas',
76 silly mapToRegistry   rawSpec: '',
76 silly mapToRegistry   spec: 'latest',
76 silly mapToRegistry   type: 'tag' }
77 silly mapToRegistry uri https://registry.npmjs.org/canvas
78 verbose request uri https://registry.npmjs.org/canvas
79 verbose request no auth needed
80 info attempt registry request try #1 at 5:54:56 PM
81 http request GET https://registry.npmjs.org/canvas
82 http 200 https://registry.npmjs.org/canvas
83 verbose headers { server: 'nginx/1.10.1',
83 verbose headers   'content-type': 'application/json',
83 verbose headers   'last-modified': 'Thu, 13 Apr 2017 19:53:40 GMT',
83 verbose headers   etag: 'W/"58efd744-1fced"',
83 verbose headers   'content-encoding': 'gzip',
83 verbose headers   'cache-control': 'max-age=300',
83 verbose headers   'content-length': '15422',
83 verbose headers   'accept-ranges': 'bytes',
83 verbose headers   date: 'Thu, 27 Apr 2017 22:54:56 GMT',
83 verbose headers   via: '1.1 varnish',
83 verbose headers   age: '0',
83 verbose headers   connection: 'keep-alive',
83 verbose headers   'x-served-by': 'cache-atl6238-ATL',
83 verbose headers   'x-cache': 'HIT',
83 verbose headers   'x-cache-hits': '1',
83 verbose headers   'x-timer': 'S1493333697.741839,VS0,VE20',
83 verbose headers   vary: 'Accept-Encoding' }
84 silly get cb [ 200,
84 silly get   { server: 'nginx/1.10.1',
84 silly get     'content-type': 'application/json',
84 silly get     'last-modified': 'Thu, 13 Apr 2017 19:53:40 GMT',
84 silly get     etag: 'W/"58efd744-1fced"',
84 silly get     'content-encoding': 'gzip',
84 silly get     'cache-control': 'max-age=300',
84 silly get     'content-length': '15422',
84 silly get     'accept-ranges': 'bytes',
84 silly get     date: 'Thu, 27 Apr 2017 22:54:56 GMT',
84 silly get     via: '1.1 varnish',
84 silly get     age: '0',
84 silly get     connection: 'keep-alive',
84 silly get     'x-served-by': 'cache-atl6238-ATL',
84 silly get     'x-cache': 'HIT',
84 silly get     'x-cache-hits': '1',
84 silly get     'x-timer': 'S1493333697.741839,VS0,VE20',
84 silly get     vary: 'Accept-Encoding' } ]
85 verbose get saving canvas to C:\Users\1337\AppData\Roaming\npm-cache\registry.npmjs.org\canvas\.cache.json
86 verbose correctMkdir C:\Users\1337\AppData\Roaming\npm-cache correctMkdir not in flight; initializing
87 silly resolveWithNewModule canvas@1.2.9 checking installable status
88 silly cache add args [ 'canvas@1.2.9', null ]
89 verbose cache add spec canvas@1.2.9
90 silly cache add parsed spec Result {
90 silly cache add   raw: 'canvas@1.2.9',
90 silly cache add   scope: null,
90 silly cache add   escapedName: 'canvas',
90 silly cache add   name: 'canvas',
90 silly cache add   rawSpec: '1.2.9',
90 silly cache add   spec: '1.2.9',
90 silly cache add   type: 'version' }
91 silly addNamed canvas@1.2.9
92 verbose addNamed "1.2.9" is a plain semver version for canvas
93 silly mapToRegistry name canvas
94 silly mapToRegistry using default registry
95 silly mapToRegistry registry https://registry.npmjs.org/
96 silly mapToRegistry data Result {
96 silly mapToRegistry   raw: 'canvas',
96 silly mapToRegistry   scope: null,
96 silly mapToRegistry   escapedName: 'canvas',
96 silly mapToRegistry   name: 'canvas',
96 silly mapToRegistry   rawSpec: '',
96 silly mapToRegistry   spec: 'latest',
96 silly mapToRegistry   type: 'tag' }
97 silly mapToRegistry uri https://registry.npmjs.org/canvas
98 verbose addNameVersion registry:https://registry.npmjs.org/canvas not in flight; fetching
99 verbose get https://registry.npmjs.org/canvas not expired, no request
100 silly mapToRegistry name canvas
101 silly mapToRegistry using default registry
102 silly mapToRegistry registry https://registry.npmjs.org/
103 silly mapToRegistry data Result {
103 silly mapToRegistry   raw: 'canvas',
103 silly mapToRegistry   scope: null,
103 silly mapToRegistry   escapedName: 'canvas',
103 silly mapToRegistry   name: 'canvas',
103 silly mapToRegistry   rawSpec: '',
103 silly mapToRegistry   spec: 'latest',
103 silly mapToRegistry   type: 'tag' }
104 silly mapToRegistry uri https://registry.npmjs.org/canvas
105 verbose addRemoteTarball https://registry.npmjs.org/canvas/-/canvas-1.2.9.tgz not in flight; adding
106 verbose addRemoteTarball [ 'https://registry.npmjs.org/canvas/-/canvas-1.2.9.tgz',
106 verbose addRemoteTarball   '40f36e8f34bea2283c944511dfb575d168003061' ]
107 info retry fetch attempt 1 at 5:54:56 PM
108 info attempt registry request try #1 at 5:54:56 PM
109 http fetch GET https://registry.npmjs.org/canvas/-/canvas-1.2.9.tgz
110 http fetch 200 https://registry.npmjs.org/canvas/-/canvas-1.2.9.tgz
111 silly fetchAndShaCheck shasum 40f36e8f34bea2283c944511dfb575d168003061
112 verbose addTmpTarball C:\Users\1337\AppData\Local\Temp\npm-11292-8d988573\registry.npmjs.org\canvas\-\canvas-1.2.9.tgz not in flight; adding
113 verbose addTmpTarball already have metadata; skipping unpack for canvas@1.2.9
114 verbose correctMkdir C:\Users\1337\AppData\Roaming\npm-cache correctMkdir not in flight; initializing
115 silly cache afterAdd canvas@1.2.9
116 verbose afterAdd C:\Users\1337\AppData\Roaming\npm-cache\canvas\1.2.9\package\package.json not in flight; writing
117 verbose correctMkdir C:\Users\1337\AppData\Roaming\npm-cache correctMkdir not in flight; initializing
118 verbose afterAdd C:\Users\1337\AppData\Roaming\npm-cache\canvas\1.2.9\package\package.json written
119 silly loadAllDepsIntoIdealTree Finishing
120 silly loadIdealTree Finishing
121 silly currentTree projectsrc@0.0.1
121 silly currentTree +-- accepts@1.3.3
121 silly currentTree +-- align-text@0.1.4
121 silly currentTree +-- amdefine@1.0.1
121 silly currentTree +-- ansi-regex@2.1.1
121 silly currentTree +-- array-flatten@1.1.1
121 silly currentTree +-- asap@2.0.5
121 silly currentTree +-- async@1.5.2
121 silly currentTree +-- balanced-match@0.4.2
121 silly currentTree +-- bignumber.js@3.1.2
121 silly currentTree +-- body-parser@1.17.1
121 silly currentTree | +-- bytes@2.4.0
121 silly currentTree | `-- raw-body@2.2.0
121 silly currentTree +-- body@5.1.0
121 silly currentTree +-- bootstrap@3.3.7
121 silly currentTree +-- brace-expansion@1.1.7
121 silly currentTree +-- bytes@1.0.0
121 silly currentTree +-- camelcase@1.2.1
121 silly currentTree +-- center-align@0.1.3
121 silly currentTree +-- cliui@2.1.0
121 silly currentTree | `-- wordwrap@0.0.2
121 silly currentTree +-- code-point-at@1.1.0
121 silly currentTree +-- colors@1.1.2
121 silly currentTree +-- concat-map@0.0.1
121 silly currentTree +-- content-disposition@0.5.2
121 silly currentTree +-- content-type@1.0.2
121 silly currentTree +-- continuable-cache@0.3.1
121 silly currentTree +-- cookie-parser@1.4.3
121 silly currentTree +-- cookie-signature@1.0.6
121 silly currentTree +-- cookie@0.3.1
121 silly currentTree +-- core-util-is@1.0.2
121 silly currentTree +-- crc@3.4.4
121 silly currentTree +-- cycle@1.0.3
121 silly currentTree +-- debug@2.6.1
121 silly currentTree +-- decamelize@1.2.0
121 silly currentTree +-- deep-equal@0.2.2
121 silly currentTree +-- define-properties@1.1.2
121 silly currentTree +-- depd@1.1.0
121 silly currentTree +-- destroy@1.0.4
121 silly currentTree +-- disect@1.1.1
121 silly currentTree +-- ee-first@1.1.1
121 silly currentTree +-- encodeurl@1.0.1
121 silly currentTree +-- error@7.0.2
121 silly currentTree +-- escape-html@1.0.3
121 silly currentTree +-- etag@1.8.0
121 silly currentTree +-- express-handlebars@3.0.0
121 silly currentTree +-- express-session@1.15.2
121 silly currentTree | `-- debug@2.6.3
121 silly currentTree +-- express@4.15.2
121 silly currentTree +-- eyes@0.1.8
121 silly currentTree +-- finalhandler@1.0.1
121 silly currentTree | `-- debug@2.6.3
121 silly currentTree +-- foreach@2.0.5
121 silly currentTree +-- formidable@1.1.1
121 silly currentTree +-- forwarded@0.1.0
121 silly currentTree +-- fresh@0.5.0
121 silly currentTree +-- fs.realpath@1.0.0
121 silly currentTree +-- function-bind@1.1.0
121 silly currentTree +-- glob@6.0.4
121 silly currentTree +-- graceful-fs@4.1.11
121 silly currentTree +-- handlebars@4.0.6
121 silly currentTree +-- http-errors@1.6.1
121 silly currentTree +-- i@0.3.5
121 silly currentTree +-- iconv-lite@0.4.15
121 silly currentTree +-- inflight@1.0.6
121 silly currentTree +-- inherits@2.0.3
121 silly currentTree +-- ini@1.3.4
121 silly currentTree +-- invert-kv@1.0.0
121 silly currentTree +-- ipaddr.js@1.3.0
121 silly currentTree +-- is-buffer@1.1.5
121 silly currentTree +-- is-fullwidth-code-point@1.0.0
121 silly currentTree +-- isarray@0.0.1
121 silly currentTree +-- isstream@0.1.2
121 silly currentTree +-- kerberos@0.0.21
121 silly currentTree +-- kind-of@3.1.0
121 silly currentTree +-- lazy-cache@1.0.4
121 silly currentTree +-- lcid@1.0.0
121 silly currentTree +-- lodash@4.17.4
121 silly currentTree +-- longest@1.0.1
121 silly currentTree +-- media-typer@0.3.0
121 silly currentTree +-- merge-descriptors@1.0.1
121 silly currentTree +-- methods@1.1.2
121 silly currentTree +-- mime-db@1.27.0
121 silly currentTree +-- mime-types@2.1.15
121 silly currentTree +-- mime@1.3.4
121 silly currentTree +-- minimatch@3.0.3
121 silly currentTree +-- minimist@0.0.10
121 silly currentTree +-- mkdirp@0.5.1
121 silly currentTree | `-- minimist@0.0.8
121 silly currentTree +-- ms@0.7.2
121 silly currentTree +-- mute-stream@0.0.7
121 silly currentTree +-- mysql@2.13.0
121 silly currentTree +-- nan@2.3.5
121 silly currentTree +-- nconf@0.8.4
121 silly currentTree | +-- camelcase@2.1.1
121 silly currentTree | +-- cliui@3.2.0
121 silly currentTree | +-- window-size@0.1.4
121 silly currentTree | `-- yargs@3.32.0
121 silly currentTree +-- ncp@1.0.1
121 silly currentTree +-- negotiator@0.6.1
121 silly currentTree +-- number-is-nan@1.0.1
121 silly currentTree +-- object-keys@1.0.11
121 silly currentTree +-- object.assign@4.0.4
121 silly currentTree +-- on-finished@2.3.0
121 silly currentTree +-- on-headers@1.0.1
121 silly currentTree +-- once@1.4.0
121 silly currentTree +-- optimist@0.6.1
121 silly currentTree +-- os-locale@1.4.0
121 silly currentTree +-- parser@0.1.4
121 silly currentTree +-- parseurl@1.3.1
121 silly currentTree +-- path-is-absolute@1.0.1
121 silly currentTree +-- path-to-regexp@0.1.7
121 silly currentTree +-- pkginfo@0.4.0
121 silly currentTree +-- promise@7.1.1
121 silly currentTree +-- prompt@1.0.0
121 silly currentTree +-- proxy-addr@1.1.4
121 silly currentTree +-- qs@6.4.0
121 silly currentTree +-- random-bytes@1.0.0
121 silly currentTree +-- range-parser@1.2.0
121 silly currentTree +-- raw-body@1.1.7
121 silly currentTree +-- read@1.0.7
121 silly currentTree +-- readable-stream@1.1.14
121 silly currentTree +-- repeat-string@1.6.1
121 silly currentTree +-- revalidator@0.1.8
121 silly currentTree +-- right-align@0.1.3
121 silly currentTree +-- rimraf@2.6.1
121 silly currentTree | `-- glob@7.1.1
121 silly currentTree +-- safe-json-parse@1.0.1
121 silly currentTree +-- secure-keys@1.0.0
121 silly currentTree +-- send@0.15.1
121 silly currentTree +-- serve-static@1.12.1
121 silly currentTree +-- setprototypeof@1.0.3
121 silly currentTree +-- source-map@0.4.4
121 silly currentTree +-- sqlstring@2.2.0
121 silly currentTree +-- stack-trace@0.0.9
121 silly currentTree +-- statuses@1.3.1
121 silly currentTree +-- string_decoder@0.10.31
121 silly currentTree +-- string-template@0.2.1
121 silly currentTree +-- string-width@1.0.2
121 silly currentTree +-- strip-ansi@3.0.1
121 silly currentTree +-- tokenizer@1.1.2
121 silly currentTree +-- type-is@1.6.15
121 silly currentTree +-- uglify-js@2.8.22
121 silly currentTree | `-- source-map@0.5.6
121 silly currentTree +-- uglify-to-browserify@1.0.2
121 silly currentTree +-- uid-safe@2.1.4
121 silly currentTree +-- unpipe@1.0.0
121 silly currentTree +-- utile@0.3.0
121 silly currentTree | `-- async@0.9.2
121 silly currentTree +-- utils-merge@1.0.0
121 silly currentTree +-- vary@1.1.1
121 silly currentTree +-- window-size@0.1.0
121 silly currentTree +-- winston@2.1.1
121 silly currentTree | +-- async@1.0.0
121 silly currentTree | +-- colors@1.0.3
121 silly currentTree | `-- pkginfo@0.3.1
121 silly currentTree +-- wordwrap@0.0.3
121 silly currentTree +-- wrap-ansi@2.1.0
121 silly currentTree +-- wrappy@1.0.2
121 silly currentTree +-- xtend@4.0.1
121 silly currentTree +-- y18n@3.2.1
121 silly currentTree `-- yargs@3.10.0
122 silly idealTree projectsrc@0.0.1
122 silly idealTree +-- accepts@1.3.3
122 silly idealTree +-- align-text@0.1.4
122 silly idealTree +-- amdefine@1.0.1
122 silly idealTree +-- ansi-regex@2.1.1
122 silly idealTree +-- array-flatten@1.1.1
122 silly idealTree +-- asap@2.0.5
122 silly idealTree +-- async@1.5.2
122 silly idealTree +-- balanced-match@0.4.2
122 silly idealTree +-- bignumber.js@3.1.2
122 silly idealTree +-- body-parser@1.17.1
122 silly idealTree | +-- bytes@2.4.0
122 silly idealTree | `-- raw-body@2.2.0
122 silly idealTree +-- body@5.1.0
122 silly idealTree +-- bootstrap@3.3.7
122 silly idealTree +-- brace-expansion@1.1.7
122 silly idealTree +-- bytes@1.0.0
122 silly idealTree +-- camelcase@1.2.1
122 silly idealTree +-- canvas@1.2.9
122 silly idealTree +-- center-align@0.1.3
122 silly idealTree +-- cliui@2.1.0
122 silly idealTree | `-- wordwrap@0.0.2
122 silly idealTree +-- code-point-at@1.1.0
122 silly idealTree +-- colors@1.1.2
122 silly idealTree +-- concat-map@0.0.1
122 silly idealTree +-- content-disposition@0.5.2
122 silly idealTree +-- content-type@1.0.2
122 silly idealTree +-- continuable-cache@0.3.1
122 silly idealTree +-- cookie-parser@1.4.3
122 silly idealTree +-- cookie-signature@1.0.6
122 silly idealTree +-- cookie@0.3.1
122 silly idealTree +-- core-util-is@1.0.2
122 silly idealTree +-- crc@3.4.4
122 silly idealTree +-- cycle@1.0.3
122 silly idealTree +-- debug@2.6.1
122 silly idealTree +-- decamelize@1.2.0
122 silly idealTree +-- deep-equal@0.2.2
122 silly idealTree +-- define-properties@1.1.2
122 silly idealTree +-- depd@1.1.0
122 silly idealTree +-- destroy@1.0.4
122 silly idealTree +-- disect@1.1.1
122 silly idealTree +-- ee-first@1.1.1
122 silly idealTree +-- encodeurl@1.0.1
122 silly idealTree +-- error@7.0.2
122 silly idealTree +-- escape-html@1.0.3
122 silly idealTree +-- etag@1.8.0
122 silly idealTree +-- express-handlebars@3.0.0
122 silly idealTree +-- express-session@1.15.2
122 silly idealTree | `-- debug@2.6.3
122 silly idealTree +-- express@4.15.2
122 silly idealTree +-- eyes@0.1.8
122 silly idealTree +-- finalhandler@1.0.1
122 silly idealTree | `-- debug@2.6.3
122 silly idealTree +-- foreach@2.0.5
122 silly idealTree +-- formidable@1.1.1
122 silly idealTree +-- forwarded@0.1.0
122 silly idealTree +-- fresh@0.5.0
122 silly idealTree +-- fs.realpath@1.0.0
122 silly idealTree +-- function-bind@1.1.0
122 silly idealTree +-- glob@6.0.4
122 silly idealTree +-- graceful-fs@4.1.11
122 silly idealTree +-- handlebars@4.0.6
122 silly idealTree +-- http-errors@1.6.1
122 silly idealTree +-- i@0.3.5
122 silly idealTree +-- iconv-lite@0.4.15
122 silly idealTree +-- inflight@1.0.6
122 silly idealTree +-- inherits@2.0.3
122 silly idealTree +-- ini@1.3.4
122 silly idealTree +-- invert-kv@1.0.0
122 silly idealTree +-- ipaddr.js@1.3.0
122 silly idealTree +-- is-buffer@1.1.5
122 silly idealTree +-- is-fullwidth-code-point@1.0.0
122 silly idealTree +-- isarray@0.0.1
122 silly idealTree +-- isstream@0.1.2
122 silly idealTree +-- kerberos@0.0.21
122 silly idealTree +-- kind-of@3.1.0
122 silly idealTree +-- lazy-cache@1.0.4
122 silly idealTree +-- lcid@1.0.0
122 silly idealTree +-- lodash@4.17.4
122 silly idealTree +-- longest@1.0.1
122 silly idealTree +-- media-typer@0.3.0
122 silly idealTree +-- merge-descriptors@1.0.1
122 silly idealTree +-- methods@1.1.2
122 silly idealTree +-- mime-db@1.27.0
122 silly idealTree +-- mime-types@2.1.15
122 silly idealTree +-- mime@1.3.4
122 silly idealTree +-- minimatch@3.0.3
122 silly idealTree +-- minimist@0.0.10
122 silly idealTree +-- mkdirp@0.5.1
122 silly idealTree | `-- minimist@0.0.8
122 silly idealTree +-- ms@0.7.2
122 silly idealTree +-- mute-stream@0.0.7
122 silly idealTree +-- mysql@2.13.0
122 silly idealTree +-- nan@2.3.5
122 silly idealTree +-- nconf@0.8.4
122 silly idealTree | +-- camelcase@2.1.1
122 silly idealTree | +-- cliui@3.2.0
122 silly idealTree | +-- window-size@0.1.4
122 silly idealTree | `-- yargs@3.32.0
122 silly idealTree +-- ncp@1.0.1
122 silly idealTree +-- negotiator@0.6.1
122 silly idealTree +-- node-captcha@0.2.2
122 silly idealTree +-- number-is-nan@1.0.1
122 silly idealTree +-- object-keys@1.0.11
122 silly idealTree +-- object.assign@4.0.4
122 silly idealTree +-- on-finished@2.3.0
122 silly idealTree +-- on-headers@1.0.1
122 silly idealTree +-- once@1.4.0
122 silly idealTree +-- optimist@0.6.1
122 silly idealTree +-- os-locale@1.4.0
122 silly idealTree +-- parser@0.1.4
122 silly idealTree +-- parseurl@1.3.1
122 silly idealTree +-- path-is-absolute@1.0.1
122 silly idealTree +-- path-to-regexp@0.1.7
122 silly idealTree +-- pkginfo@0.4.0
122 silly idealTree +-- promise@7.1.1
122 silly idealTree +-- prompt@1.0.0
122 silly idealTree +-- proxy-addr@1.1.4
122 silly idealTree +-- qs@6.4.0
122 silly idealTree +-- random-bytes@1.0.0
122 silly idealTree +-- range-parser@1.2.0
122 silly idealTree +-- raw-body@1.1.7
122 silly idealTree +-- read@1.0.7
122 silly idealTree +-- readable-stream@1.1.14
122 silly idealTree +-- repeat-string@1.6.1
122 silly idealTree +-- revalidator@0.1.8
122 silly idealTree +-- right-align@0.1.3
122 silly idealTree +-- rimraf@2.6.1
122 silly idealTree | `-- glob@7.1.1
122 silly idealTree +-- safe-json-parse@1.0.1
122 silly idealTree +-- secure-keys@1.0.0
122 silly idealTree +-- send@0.15.1
122 silly idealTree +-- serve-static@1.12.1
122 silly idealTree +-- setprototypeof@1.0.3
122 silly idealTree +-- source-map@0.4.4
122 silly idealTree +-- sqlstring@2.2.0
122 silly idealTree +-- stack-trace@0.0.9
122 silly idealTree +-- statuses@1.3.1
122 silly idealTree +-- string_decoder@0.10.31
122 silly idealTree +-- string-template@0.2.1
122 silly idealTree +-- string-width@1.0.2
122 silly idealTree +-- strip-ansi@3.0.1
122 silly idealTree +-- tokenizer@1.1.2
122 silly idealTree +-- type-is@1.6.15
122 silly idealTree +-- uglify-js@2.8.22
122 silly idealTree | `-- source-map@0.5.6
122 silly idealTree +-- uglify-to-browserify@1.0.2
122 silly idealTree +-- uid-safe@2.1.4
122 silly idealTree +-- unpipe@1.0.0
122 silly idealTree +-- utile@0.3.0
122 silly idealTree | `-- async@0.9.2
122 silly idealTree +-- utils-merge@1.0.0
122 silly idealTree +-- vary@1.1.1
122 silly idealTree +-- window-size@0.1.0
122 silly idealTree +-- winston@2.1.1
122 silly idealTree | +-- async@1.0.0
122 silly idealTree | +-- colors@1.0.3
122 silly idealTree | `-- pkginfo@0.3.1
122 silly idealTree +-- wordwrap@0.0.3
122 silly idealTree +-- wrap-ansi@2.1.0
122 silly idealTree +-- wrappy@1.0.2
122 silly idealTree +-- xtend@4.0.1
122 silly idealTree +-- y18n@3.2.1
122 silly idealTree `-- yargs@3.10.0
123 silly generateActionsToTake Starting
124 silly install generateActionsToTake
125 silly generateActionsToTake Finishing
126 silly diffTrees action count 2
127 silly diffTrees add canvas@1.2.9
128 silly diffTrees add node-captcha@0.2.2
129 silly decomposeActions action count 16
130 silly decomposeActions fetch canvas@1.2.9
131 silly decomposeActions extract canvas@1.2.9
132 silly decomposeActions test canvas@1.2.9
133 silly decomposeActions preinstall canvas@1.2.9
134 silly decomposeActions build canvas@1.2.9
135 silly decomposeActions install canvas@1.2.9
136 silly decomposeActions postinstall canvas@1.2.9
137 silly decomposeActions finalize canvas@1.2.9
138 silly decomposeActions fetch node-captcha@0.2.2
139 silly decomposeActions extract node-captcha@0.2.2
140 silly decomposeActions test node-captcha@0.2.2
141 silly decomposeActions preinstall node-captcha@0.2.2
142 silly decomposeActions build node-captcha@0.2.2
143 silly decomposeActions install node-captcha@0.2.2
144 silly decomposeActions postinstall node-captcha@0.2.2
145 silly decomposeActions finalize node-captcha@0.2.2
146 silly runTopLevelLifecycles Starting
147 silly install runPreinstallTopLevelLifecycles
148 silly preinstall projectsrc@0.0.1 E:\users\1337\source\netbakedbeans\projectsrc-21efb081
149 info lifecycle projectsrc@0.0.1~preinstall: projectsrc@0.0.1
150 silly lifecycle projectsrc@0.0.1~preinstall: no script for preinstall, continuing
151 silly executeActions Starting
152 silly install executeActions
153 silly doSerial global-install 0
154 silly doParallel fetch 2
155 verbose correctMkdir C:\Users\1337\AppData\Roaming\npm-cache\_locks correctMkdir not in flight; initializing
156 verbose lock using C:\Users\1337\AppData\Roaming\npm-cache\_locks\staging-17d4794c054aea99.lock for E:\users\1337\source\netbakedbeans\node_modules\.staging
157 silly doParallel extract 2
158 silly extract canvas@1.2.9
159 silly extract node-captcha@0.2.2
160 verbose unbuild node_modules\.staging\canvas-fa446142
161 verbose unbuild node_modules\.staging\node-captcha-28c342b0
162 silly gentlyRm E:\users\1337\source\netbakedbeans\node_modules\.staging\canvas-fa446142 is being purged from base E:\users\1337\source\netbakedbeans
163 verbose gentlyRm don't care about contents; nuking E:\users\1337\source\netbakedbeans\node_modules\.staging\canvas-fa446142
164 silly gentlyRm E:\users\1337\source\netbakedbeans\node_modules\.staging\node-captcha-28c342b0 is being purged from base E:\users\1337\source\netbakedbeans
165 verbose gentlyRm don't care about contents; nuking E:\users\1337\source\netbakedbeans\node_modules\.staging\node-captcha-28c342b0
166 verbose tar unpack C:\Users\1337\AppData\Roaming\npm-cache\canvas\1.2.9\package.tgz
167 verbose tar unpacking to E:\users\1337\source\netbakedbeans\node_modules\.staging\canvas-fa446142
168 silly gentlyRm E:\users\1337\source\netbakedbeans\node_modules\.staging\canvas-fa446142 is being purged
169 verbose gentlyRm don't care about contents; nuking E:\users\1337\source\netbakedbeans\node_modules\.staging\canvas-fa446142
170 verbose tar unpack C:\Users\1337\AppData\Roaming\npm-cache\node-captcha\0.2.2\package.tgz
171 verbose tar unpacking to E:\users\1337\source\netbakedbeans\node_modules\.staging\node-captcha-28c342b0
172 silly gentlyRm E:\users\1337\source\netbakedbeans\node_modules\.staging\node-captcha-28c342b0 is being purged
173 verbose gentlyRm don't care about contents; nuking E:\users\1337\source\netbakedbeans\node_modules\.staging\node-captcha-28c342b0
174 silly gunzTarPerm modes [ '777', '666' ]
175 silly gunzTarPerm modes [ '777', '666' ]
176 silly gunzTarPerm extractEntry package.json
177 silly gunzTarPerm modified mode [ 'package.json', 420, 438 ]
178 silly gunzTarPerm extractEntry package.json
179 silly gunzTarPerm modified mode [ 'package.json', 420, 438 ]
180 silly gunzTarPerm extractEntry README.md
181 silly gunzTarPerm modified mode [ 'README.md', 420, 438 ]
182 silly gunzTarPerm extractEntry LICENSE
183 silly gunzTarPerm modified mode [ 'LICENSE', 420, 438 ]
184 silly gunzTarPerm extractEntry .npmignore
185 silly gunzTarPerm modified mode [ '.npmignore', 420, 438 ]
186 silly gunzTarPerm extractEntry index.js
187 silly gunzTarPerm modified mode [ 'index.js', 420, 438 ]
188 silly gunzTarPerm extractEntry captcha.js
189 silly gunzTarPerm modified mode [ 'captcha.js', 420, 438 ]
190 silly gunzTarPerm extractEntry History.md
191 silly gunzTarPerm modified mode [ 'History.md', 420, 438 ]
192 silly gunzTarPerm extractEntry Makefile
193 silly gunzTarPerm modified mode [ 'Makefile', 420, 438 ]
194 silly gunzTarPerm extractEntry Readme.md
195 silly gunzTarPerm modified mode [ 'Readme.md', 420, 438 ]
196 silly gunzTarPerm extractEntry binding.gyp
197 silly gunzTarPerm modified mode [ 'binding.gyp', 493, 511 ]
198 silly gunzTarPerm extractEntry .gitmodules
199 silly gunzTarPerm modified mode [ '.gitmodules', 420, 438 ]
200 silly gunzTarPerm extractEntry install
201 silly gunzTarPerm modified mode [ 'install', 493, 511 ]
202 silly gunzTarPerm extractEntry lib/bindings.js
203 silly gunzTarPerm modified mode [ 'lib/bindings.js', 420, 438 ]
204 silly gunzTarPerm extractEntry lib/canvas.js
205 silly gunzTarPerm modified mode [ 'lib/canvas.js', 420, 438 ]
206 silly gunzTarPerm extractEntry lib/context2d.js
207 silly gunzTarPerm modified mode [ 'lib/context2d.js', 420, 438 ]
208 silly gunzTarPerm extractEntry lib/image.js
209 silly gunzTarPerm modified mode [ 'lib/image.js', 420, 438 ]
210 silly gunzTarPerm extractEntry lib/jpegstream.js
211 silly gunzTarPerm modified mode [ 'lib/jpegstream.js', 420, 438 ]
212 silly gunzTarPerm extractEntry lib/pngstream.js
213 silly gunzTarPerm modified mode [ 'lib/pngstream.js', 420, 438 ]
214 silly gunzTarPerm extractEntry .travis.yml
215 silly gunzTarPerm modified mode [ '.travis.yml', 420, 438 ]
216 silly gunzTarPerm extractEntry src/Image.cc
217 silly gunzTarPerm modified mode [ 'src/Image.cc', 420, 438 ]
218 silly gunzTarPerm extractEntry src/Canvas.cc
219 silly gunzTarPerm modified mode [ 'src/Canvas.cc', 420, 438 ]
220 silly gunzTarPerm extractEntry src/CanvasGradient.cc
221 silly gunzTarPerm modified mode [ 'src/CanvasGradient.cc', 420, 438 ]
222 silly gunzTarPerm extractEntry src/CanvasGradient.h
223 silly gunzTarPerm modified mode [ 'src/CanvasGradient.h', 420, 438 ]
224 silly gunzTarPerm extractEntry src/CanvasPattern.cc
225 silly gunzTarPerm modified mode [ 'src/CanvasPattern.cc', 420, 438 ]
226 silly gunzTarPerm extractEntry src/CanvasPattern.h
227 silly gunzTarPerm modified mode [ 'src/CanvasPattern.h', 420, 438 ]
228 silly gunzTarPerm extractEntry src/CanvasRenderingContext2d.cc
229 silly gunzTarPerm modified mode [ 'src/CanvasRenderingContext2d.cc', 493, 511 ]
230 silly gunzTarPerm extractEntry src/CanvasRenderingContext2d.h
231 silly gunzTarPerm modified mode [ 'src/CanvasRenderingContext2d.h', 420, 438 ]
232 silly gunzTarPerm extractEntry src/FontFace.cc
233 silly gunzTarPerm modified mode [ 'src/FontFace.cc', 493, 511 ]
234 silly gunzTarPerm extractEntry src/FontFace.h
235 silly gunzTarPerm modified mode [ 'src/FontFace.h', 420, 438 ]
236 silly gunzTarPerm extractEntry src/Canvas.h
237 silly gunzTarPerm modified mode [ 'src/Canvas.h', 420, 438 ]
238 silly gunzTarPerm extractEntry src/Image.h
239 silly gunzTarPerm modified mode [ 'src/Image.h', 420, 438 ]
240 silly gunzTarPerm extractEntry src/ImageData.cc
241 silly gunzTarPerm modified mode [ 'src/ImageData.cc', 420, 438 ]
242 silly gunzTarPerm extractEntry src/ImageData.h
243 silly gunzTarPerm modified mode [ 'src/ImageData.h', 420, 438 ]
244 silly gunzTarPerm extractEntry src/JPEGStream.h
245 silly gunzTarPerm modified mode [ 'src/JPEGStream.h', 420, 438 ]
246 silly gunzTarPerm extractEntry src/PNG.h
247 silly gunzTarPerm modified mode [ 'src/PNG.h', 420, 438 ]
248 silly gunzTarPerm extractEntry src/Point.h
249 silly gunzTarPerm modified mode [ 'src/Point.h', 420, 438 ]
250 silly gunzTarPerm extractEntry src/closure.h
251 silly gunzTarPerm modified mode [ 'src/closure.h', 420, 438 ]
252 silly gunzTarPerm extractEntry src/color.cc
253 silly gunzTarPerm modified mode [ 'src/color.cc', 420, 438 ]
254 silly gunzTarPerm extractEntry src/color.h
255 silly gunzTarPerm modified mode [ 'src/color.h', 420, 438 ]
256 silly gunzTarPerm extractEntry src/init.cc
257 silly gunzTarPerm modified mode [ 'src/init.cc', 493, 511 ]
258 silly gunzTarPerm extractEntry util/cairo_include.sh
259 silly gunzTarPerm modified mode [ 'util/cairo_include.sh', 493, 511 ]
260 silly gunzTarPerm extractEntry util/has_cairo_freetype.sh
261 silly gunzTarPerm modified mode [ 'util/has_cairo_freetype.sh', 493, 511 ]
262 silly gunzTarPerm extractEntry util/has_lib.sh
263 silly gunzTarPerm modified mode [ 'util/has_lib.sh', 493, 511 ]
264 silly gunzTarPerm extractEntry util/lib_lookup.sh
265 silly gunzTarPerm modified mode [ 'util/lib_lookup.sh', 493, 511 ]
266 silly gentlyRm E:\users\1337\source\netbakedbeans\node_modules\.staging\node-captcha-28c342b0\node_modules is being purged
267 verbose gentlyRm don't care about contents; nuking E:\users\1337\source\netbakedbeans\node_modules\.staging\node-captcha-28c342b0\node_modules
268 silly gentlyRm E:\users\1337\source\netbakedbeans\node_modules\.staging\canvas-fa446142\node_modules is being purged
269 verbose gentlyRm don't care about contents; nuking E:\users\1337\source\netbakedbeans\node_modules\.staging\canvas-fa446142\node_modules
270 silly doParallel preinstall 2
271 silly preinstall canvas@1.2.9 E:\users\1337\source\netbakedbeans\node_modules\.staging\canvas-fa446142
272 info lifecycle canvas@1.2.9~preinstall: canvas@1.2.9
273 silly preinstall node-captcha@0.2.2 E:\users\1337\source\netbakedbeans\node_modules\.staging\node-captcha-28c342b0
274 info lifecycle node-captcha@0.2.2~preinstall: node-captcha@0.2.2
275 silly lifecycle canvas@1.2.9~preinstall: no script for preinstall, continuing
276 silly lifecycle node-captcha@0.2.2~preinstall: no script for preinstall, continuing
277 silly doReverseSerial remove 0
278 silly doSerial move 0
279 silly doSerial finalize 2
280 silly finalize E:\users\1337\source\netbakedbeans\node_modules\canvas
281 silly finalize E:\users\1337\source\netbakedbeans\node_modules\node-captcha
282 silly doSerial build 2
283 silly build canvas@1.2.9
284 info linkStuff canvas@1.2.9
285 silly linkStuff canvas@1.2.9 has E:\users\1337\source\netbakedbeans\node_modules as its parent node_modules
286 verbose linkBins canvas@1.2.9
287 verbose linkMans canvas@1.2.9
288 silly build node-captcha@0.2.2
289 info linkStuff node-captcha@0.2.2
290 silly linkStuff node-captcha@0.2.2 has E:\users\1337\source\netbakedbeans\node_modules as its parent node_modules
291 verbose linkBins node-captcha@0.2.2
292 verbose linkMans node-captcha@0.2.2
293 silly doSerial global-link 0
294 silly doParallel update-linked 0
295 silly doSerial install 2
296 silly install canvas@1.2.9 E:\users\1337\source\netbakedbeans\node_modules\.staging\canvas-fa446142
297 info lifecycle canvas@1.2.9~install: canvas@1.2.9
298 verbose lifecycle canvas@1.2.9~install: unsafe-perm in lifecycle true
299 verbose lifecycle canvas@1.2.9~install: PATH: e:\Program Files\nodejs\node_modules\npm\bin\node-gyp-bin;E:\users\1337\source\netbakedbeans\node_modules\canvas\node_modules\.bin;E:\users\1337\source\netbakedbeans\node_modules\.bin;C:\Windows\system32;C:\Windows;C:\Windows\System32\Wbem;C:\Windows\System32\WindowsPowerShell\v1.0\;C:\Program Files (x86)\NVIDIA Corporation\PhysX\Common;C:\Program Files (x86)\Skype\Phone\;e:\Program Files\nodejs\;E:\Program Files\Git\cmd;E:\Program Files\Git\mingw64\bin;E:\Program Files\Git\usr\bin;C:\Users\1337\AppData\Local\Microsoft\WindowsApps;C:\Users\1337\AppData\Roaming\npm;e:\Users\1337\AppData\Local\Google\Cloud SDK\google-cloud-sdk\bin;C:\Users\1337\AppData\Local\Google\Cloud SDK\google-cloud-sdk\bin
300 verbose lifecycle canvas@1.2.9~install: CWD: E:\users\1337\source\netbakedbeans\node_modules\canvas
301 silly lifecycle canvas@1.2.9~install: Args: [ '/d /s /c', 'node-gyp rebuild' ]
302 silly lifecycle canvas@1.2.9~install: Returned: code: 1  signal: null
303 info lifecycle canvas@1.2.9~install: Failed to exec install script
304 verbose unlock done using C:\Users\1337\AppData\Roaming\npm-cache\_locks\staging-17d4794c054aea99.lock for E:\users\1337\source\netbakedbeans\node_modules\.staging
305 silly rollbackFailedOptional Starting
306 silly rollbackFailedOptional Finishing
307 silly runTopLevelLifecycles Finishing
308 silly install printInstalled
309 warn projectsrc@0.0.1 No repository field.
310 verbose If you need help, you may report this error at:
310 verbose     <https://github.com/npm/npm/issues>
311 verbose stack Error: canvas@1.2.9 install: `node-gyp rebuild`
311 verbose stack Exit status 1
311 verbose stack     at EventEmitter.<anonymous> (e:\Program Files\nodejs\node_modules\npm\lib\utils\lifecycle.js:255:16)
311 verbose stack     at emitTwo (events.js:106:13)
311 verbose stack     at EventEmitter.emit (events.js:191:7)
311 verbose stack     at ChildProcess.<anonymous> (e:\Program Files\nodejs\node_modules\npm\lib\utils\spawn.js:40:14)
311 verbose stack     at emitTwo (events.js:106:13)
311 verbose stack     at ChildProcess.emit (events.js:191:7)
311 verbose stack     at maybeClose (internal/child_process.js:886:16)
311 verbose stack     at Process.ChildProcess._handle.onexit (internal/child_process.js:226:5)
312 verbose pkgid canvas@1.2.9
313 verbose cwd E:\users\1337\source\netbakedbeans
314 error Windows_NT 10.0.14393
315 error argv "e:\\Program Files\\nodejs\\node.exe" "e:\\Program Files\\nodejs\\node_modules\\npm\\bin\\npm-cli.js" "install"
316 error node v6.10.2
317 error npm  v3.10.10
318 error code ELIFECYCLE
319 error canvas@1.2.9 install: `node-gyp rebuild`
319 error Exit status 1
320 error Failed at the canvas@1.2.9 install script 'node-gyp rebuild'.
320 error Make sure you have the latest version of node.js and npm installed.
320 error If you do, this is most likely a problem with the canvas package,
320 error not with npm itself.
320 error Tell the author that this fails on your system:
320 error     node-gyp rebuild
320 error You can get information on how to open an issue for this project with:
320 error     npm bugs canvas
320 error Or if that isn't available, you can get their info via:
320 error     npm owner ls canvas
320 error There is likely additional logging output above.
321 verbose exit [ 1, true ]
